0 0
0.02 0
0.04 5.98532e-05
0.06 0.000145664
0.08 0.00034998
0.1 0.000789399
0.12 0.00151029
0.14 0.00250167
0.16 0.0037328
0.18 0.00515783
0.2 0.00679667
0.22 0.00872073
0.24 0.0111098
0.26 0.0142239
0.28 0.0181552
0.3 0.0228595
0.32 0.0281687
0.34 0.0338211
0.36 0.0394365
0.38 0.0445531
0.4 0.0487481
0.42 0.0516443
0.44 0.0529113
0.46 0.052268
0.48 0.0495035
0.5 0.0444706
0.52 0.0372148
0.54 0.027935
0.56 0.0168895
0.58 0.00437661
0.6 -0.0093033
0.62 -0.0238582
0.64 -0.0391063
0.66 -0.0549597
0.68 -0.0712838
0.7 -0.0879119
0.72 -0.104799
0.74 -0.121999
0.76 -0.139531
0.78 -0.157389
0.8 -0.175521
0.82 -0.193833
0.84 -0.212274
0.86 -0.230823
0.88 -0.249444
0.9 -0.268091
0.92 -0.286693
0.94 -0.305165
0.96 -0.323511
0.98 -0.341807
1 -0.360125
1.02 -0.378534
1.04 -0.397036
1.06 -0.415583
1.08 -0.434052
1.1 -0.452263
1.12 -0.469973
1.14 -0.486893
1.16 -0.502873
1.18 -0.517878
1.2 -0.531871
1.22 -0.544814
1.24 -0.55672
1.26 -0.567643
1.28 -0.577634
1.3 -0.586744
1.32 -0.59498
1.34 -0.602317
1.36 -0.608621
1.38 -0.613681
1.4 -0.617382
1.42 -0.61969
1.44 -0.620614
1.46 -0.620196
1.48 -0.61841
1.5 -0.615175
1.52 -0.61059
1.54 -0.604895
1.56 -0.598401
1.58 -0.591467
1.6 -0.584333
1.62 -0.577136
1.64 -0.570049
1.66 -0.563265
1.68 -0.556803
1.7 -0.550542
1.72 -0.544279
1.74 -0.537753
1.76 -0.530837
1.78 -0.523518
1.8 -0.515858
1.82 -0.50798
1.84 -0.499963
1.86 -0.491846
1.88 -0.483681
1.9 -0.475529
1.92 -0.467519
1.94 -0.45983
1.96 -0.452652
1.98 -0.446174
2 -0.44051
2.02 -0.435705
2.04 -0.431662
2.06 -0.428168
2.08 -0.424955
2.1 -0.421714
2.12 -0.418285
2.14 -0.414631
2.16 -0.410761
2.18 -0.406718
2.2 -0.402598
2.22 -0.398533
2.24 -0.394673
2.26 -0.391174
2.28 -0.388074
2.3 -0.385308
2.32 -0.382797
2.34 -0.380454
2.36 -0.378203
2.38 -0.375982
2.4 -0.37361
2.42 -0.370817
2.44 -0.367351
2.46 -0.362982
2.48 -0.357611
2.5 -0.351254
2.52 -0.34399
2.54 -0.33595
2.56 -0.327144
2.58 -0.317483
2.6 -0.306806
2.62 -0.294897
2.64 -0.281693
2.66 -0.267252
2.68 -0.251789
2.7 -0.235637
2.72 -0.218916
2.74 -0.201575
2.76 -0.183614
2.78 -0.165075
2.8 -0.146024
2.82 -0.126542
2.84 -0.10678
2.86 -0.0869377
2.88 -0.0670803
2.9 -0.047162
2.92 -0.0271519
2.94 -0.0070309
2.96 0.0131834
2.98 0.0334449
3 0.0536482
3.02 0.0736447
3.04 0.0933247
3.06 0.112614
3.08 0.131488
3.1 0.149964
3.12 0.16813
3.14 0.186126
3.16 0.203834
3.18 0.220936
3.2 0.237241
3.22 0.252663
3.24 0.267139
3.26 0.280623
3.28 0.293235
3.3 0.305221
3.32 0.31677
3.34 0.328018
3.36 0.339193
3.38 0.35059
3.4 0.362435
3.42 0.374892
3.44 0.387974
3.46 0.401568
3.48 0.415432
3.5 0.429223
3.52 0.442593
3.54 0.455195
3.56 0.466873
3.58 0.477622
3.6 0.487463
3.62 0.496432
3.64 0.504584
3.66 0.511988
3.68 0.518816
3.7 0.525316
3.72 0.531619
3.74 0.537763
3.76 0.543705
3.78 0.549335
3.8 0.554499
3.82 0.559007
3.84 0.56276
3.86 0.565732
3.88 0.567918
3.9 0.569328
3.92 0.569905
3.94 0.569541
3.96 0.568041
3.98 0.56515
4 0.560798
4.02 0.555064
4.04 0.548099
4.06 0.540101
4.08 0.531342
4.1 0.52214
4.12 0.512897
4.14 0.50407
4.16 0.496009
4.18 0.488975
4.2 0.483095
4.22 0.47839
4.24 0.474789
4.26 0.472151
4.28 0.470288
4.3 0.468975
4.32 0.468173
4.34 0.467987
4.36 0.468483
4.38 0.469692
4.4 0.471607
4.42 0.474197
4.44 0.477438
4.46 0.48131
4.48 0.485738
4.5 0.490604
4.52 0.495783
4.54 0.501152
4.56 0.5066
4.58 0.512031
4.6 0.517316
4.62 0.522308
4.64 0.526901
4.66 0.531027
4.68 0.534577
4.7 0.537411
4.72 0.539439
4.74 0.540608
4.76 0.540972
4.78 0.540664
4.8 0.539848
4.82 0.538706
4.84 0.537392
4.86 0.536038
4.88 0.53462
4.9 0.532993
4.92 0.53092
4.94 0.528101
4.96 0.524225
4.98 0.518982
5 0.512101
5.02 0.503347
5.04 0.492465
5.06 0.47919
5.08 0.463421
5.1 0.445183
5.12 0.424627
5.14 0.401996
5.16 0.377527
5.18 0.351446
5.2 0.324045
5.22 0.295657
5.24 0.266611
5.26 0.237216
5.28 0.20766
5.3 0.178025
5.32 0.148356
5.34 0.118666
5.36 0.088802
5.38 0.0584832
5.4 0.0274024
5.42 -0.00475716
5.44 -0.0381928
5.46 -0.0729995
5.48 -0.109147
5.5 -0.146508
5.52 -0.184662
5.54 -0.222977
5.56 -0.26085
5.58 -0.297725
5.6 -0.33313
5.62 -0.366675
5.64 -0.398302
5.66 -0.428213
5.68 -0.456574
5.7 -0.483523
5.72 -0.50926
5.74 -0.534031
5.76 -0.558054
5.78 -0.581518
5.8 -0.604606
5.82 -0.627493
5.84 -0.650279
5.86 -0.673005
5.88 -0.695598
5.9 -0.717898
5.92 -0.739828
5.94 -0.761375
5.96 -0.782559
5.98 -0.803424
6 -0.824062
6.02 -0.844598
6.04 -0.865112
6.06 -0.885638
6.08 -0.906101
6.1 -0.926332
6.12 -0.946152
6.14 -0.965376
6.16 -0.983717
6.18 -1.00081
6.2 -1.01648
6.22 -1.0307
6.24 -1.04344
6.26 -1.05474
6.28 -1.06452
6.3 -1.07262
6.32 -1.07901
6.34 -1.08371
6.36 -1.08667
6.38 -1.08779
6.4 -1.08709
6.42 -1.08466
6.44 -1.08068
6.46 -1.07538
6.48 -1.06904
6.5 -1.062
6.52 -1.05451
6.54 -1.04672
6.56 -1.03873
6.58 -1.03058
6.6 -1.02238
6.62 -1.01436
6.64 -1.00658
6.66 -0.999016
6.68 -0.991577
6.7 -0.984131
6.72 -0.976587
6.74 -0.96889
6.76 -0.961012
6.78 -0.952947
6.8 -0.94465
6.82 -0.936049
6.84 -0.927067
6.86 -0.917629
6.88 -0.907711
6.9 -0.897331
6.92 -0.886611
6.94 -0.87575
6.96 -0.864922
6.98 -0.854274
7 -0.844017
7.02 -0.834402
7.04 -0.825499
7.06 -0.817231
7.08 -0.809243
7.1 -0.800977
7.12 -0.791954
7.14 -0.781774
7.16 -0.770219
7.18 -0.757223
7.2 -0.742747
7.22 -0.726779
7.24 -0.709377
7.26 -0.690659
7.28 -0.670653
7.3 -0.649319
7.32 -0.626593
7.34 -0.602399
7.36 -0.576812
7.38 -0.550029
7.4 -0.522343
7.42 -0.494118
7.44 -0.4658
7.46 -0.43789
7.48 -0.410755
7.5 -0.384641
7.52 -0.359853
7.54 -0.336724
7.56 -0.315537
7.58 -0.296519
7.6 -0.279802
7.62 -0.265432
7.64 -0.253393
7.66 -0.243618
7.68 -0.235889
7.7 -0.229876
7.72 -0.225298
7.74 -0.221924
7.76 -0.219629
7.78 -0.218378
7.8 -0.21812
7.82 -0.218796
7.84 -0.220233
7.86 -0.222177
7.88 -0.224398
7.9 -0.226689
7.92 -0.228862
7.94 -0.230743
7.96 -0.232341
7.98 -0.233804
8 -0.23529
8.02 -0.236956
8.04 -0.238786
8.06 -0.240621
8.08 -0.24235
8.1 -0.243897
8.12 -0.245154
8.14 -0.245993
8.16 -0.246262
8.18 -0.245794
8.2 -0.244477
8.22 -0.242254
8.24 -0.23916
8.26 -0.235308
8.28 -0.230944
8.3 -0.226412
8.32 -0.221997
8.34 -0.217925
8.36 -0.214342
8.38 -0.211322
8.4 -0.209015
8.42 -0.207626
8.44 -0.207289
8.46 -0.208078
8.48 -0.209906
8.5 -0.212558
8.52 -0.215797
8.54 -0.219374
8.56 -0.223149
8.58 -0.227076
8.6 -0.230962
8.62 -0.234504
8.64 -0.237344
8.66 -0.239093
8.68 -0.239462
8.7 -0.238252
8.72 -0.235393
8.74 -0.230923
8.76 -0.224901
8.78 -0.217401
8.8 -0.208552
8.82 -0.198522
8.84 -0.187495
8.86 -0.175656
8.88 -0.163188
8.9 -0.150264
8.92 -0.137021
8.94 -0.123562
8.96 -0.110007
8.98 -0.0964882
9 -0.0829643
9.02 -0.0692596
9.04 -0.055273
9.06 -0.0409652
9.08 -0.0261938
9.1 -0.0107399
9.12 0.00567444
9.14 0.0233646
9.16 0.0425265
9.18 0.0632544
9.2 0.0855594
9.22 0.109386
9.24 0.134587
9.26 0.16095
9.28 0.188259
9.3 0.216301
9.32 0.244838
9.34 0.273618
9.36 0.302459
9.38 0.33124
9.4 0.359801
9.42 0.387955
9.44 0.415469
9.46 0.442079
9.48 0.467586
9.5 0.491848
9.52 0.514848
9.54 0.536669
9.56 0.557348
9.58 0.576885
9.6 0.595144
9.62 0.611886
9.64 0.626764
9.66 0.63936
9.68 0.649416
9.7 0.656802
9.72 0.661421
9.74 0.663201
9.76 0.662149
9.78 0.658335
9.8 0.651921
9.82 0.643136
9.84 0.632245
9.86 0.619533
9.88 0.605273
9.9 0.589716
9.92 0.573099
9.94 0.555639
9.96 0.537546
9.98 0.519022
10 0.500294
10.02 0.481608
10.04 0.463237
10.06 0.445466
10.08 0.428585
10.1 0.412878
10.12 0.398521
10.14 0.3856
10.16 0.374056
10.18 0.363719
10.2 0.35432
10.22 0.345523
10.24 0.336988
10.26 0.32839
10.28 0.319554
10.3 0.310435
10.32 0.301073
10.34 0.291583
10.36 0.282019
10.38 0.272388
10.4 0.262822
10.42 0.253548
10.44 0.244652
10.46 0.236101
10.48 0.227837
10.5 0.219778
10.52 0.21195
10.54 0.204461
10.56 0.197335
10.58 0.190532
10.6 0.183921
10.62 0.177308
10.64 0.170523
10.66 0.163417
10.68 0.155799
10.7 0.147451
10.72 0.138143
10.74 0.127646
10.76 0.115928
10.78 0.103123
10.8 0.0894082
10.82 0.0749915
10.84 0.0599915
10.86 0.0444508
10.88 0.0283976
10.9 0.0118465
10.92 -0.00506233
10.94 -0.0220938
10.96 -0.0391041
10.98 -0.0560269
11 -0.0727827
11.02 -0.0892855
11.04 -0.105399
11.06 -0.12095
11.08 -0.135813
11.1 -0.149904
11.12 -0.163168
11.14 -0.175574
11.16 -0.187103
11.18 -0.197745
11.2 -0.207431
11.22 -0.216052
11.24 -0.223571
11.26 -0.230017
11.28 -0.23547
11.3 -0.240055
11.32 -0.243899
11.34 -0.247126
11.36 -0.250003
11.38 -0.252896
11.4 -0.256133
11.42 -0.260002
11.44 -0.264847
11.46 -0.271047
11.48 -0.278787
11.5 -0.28809
11.52 -0.298864
11.54 -0.310929
11.56 -0.324064
11.58 -0.338026
11.6 -0.352586
11.62 -0.367537
11.64 -0.382617
11.66 -0.397533
11.68 -0.412067
11.7 -0.426068
11.72 -0.439424
11.74 -0.45206
11.76 -0.46395
11.78 -0.475108
11.8 -0.485618
11.82 -0.495612
11.84 -0.505224
11.86 -0.514579
11.88 -0.523708
11.9 -0.532558
11.92 -0.541097
11.94 -0.549311
11.96 -0.557127
11.98 -0.564425
12 -0.571117
12.02 -0.577136
12.04 -0.582498
12.06 -0.58728
12.08 -0.59161
12.1 -0.595652
12.12 -0.599452
12.14 -0.60296
12.16 -0.606083
12.18 -0.608691
12.2 -0.61067
12.22 -0.611921
12.24 -0.612549
12.26 -0.612815
12.28 -0.61297
12.3 -0.613247
12.32 -0.613816
12.34 -0.614787
12.36 -0.616189
12.38 -0.617983
12.4 -0.620253
12.42 -0.623172
12.44 -0.626805
12.46 -0.631125
12.48 -0.636031
12.5 -0.641359
12.52 -0.646926
12.54 -0.652538
12.56 -0.657989
12.58 -0.66307
12.6 -0.66766
12.62 -0.671709
12.64 -0.675164
12.66 -0.67797
12.68 -0.68015
12.7 -0.681794
12.72 -0.683012
12.74 -0.68393
12.76 -0.684571
12.78 -0.68488
12.8 -0.684914
12.82 -0.684823
12.84 -0.684805
12.86 -0.685088
12.88 -0.685775
12.9 -0.686865
12.92 -0.688375
12.94 -0.69033
12.96 -0.692688
12.98 -0.695354
13 -0.69828
13.02 -0.701455
13.04 -0.70498
13.06 -0.709037
13.08 -0.713642
13.1 -0.718679
13.12 -0.723926
13.14 -0.729083
13.16 -0.733858
13.18 -0.737978
13.2 -0.741171
13.22 -0.743179
13.24 -0.743863
13.26 -0.743183
13.28 -0.741291
13.3 -0.738481
13.32 -0.735005
13.34 -0.731072
13.36 -0.727006
13.38 -0.723215
13.4 -0.72009
13.42 -0.717994
13.44 -0.717046
13.46 -0.717167
13.48 -0.718121
13.5 -0.719551
13.52 -0.721074
13.54 -0.722296
13.56 -0.72308
13.58 -0.723498
13.6 -0.723712
13.62 -0.723955
13.64 -0.724445
13.66 -0.725381
13.68 -0.726876
13.7 -0.728969
13.72 -0.731606
13.74 -0.734663
13.76 -0.737907
13.78 -0.741024
13.8 -0.743705
13.82 -0.745655
13.84 -0.746687
13.86 -0.74671
13.88 -0.745598
13.9 -0.743204
13.92 -0.739554
13.94 -0.734814
13.96 -0.729135
13.98 -0.72265
14 -0.715384
14.02 -0.707269
14.04 -0.698371
14.06 -0.688856
14.08 -0.678893
14.1 -0.668642
14.12 -0.658275
14.14 -0.647967
14.16 -0.637844
14.18 -0.62799
14.2 -0.618484
14.22 -0.609396
14.24 -0.600865
14.26 -0.593076
14.28 -0.586325
14.3 -0.580984
14.32 -0.577367
14.34 -0.575734
14.36 -0.576328
14.38 -0.57937
14.4 -0.584956
14.42 -0.593081
14.44 -0.603528
14.46 -0.615918
14.48 -0.630004
14.5 -0.64565
14.52 -0.662652
14.54 -0.680757
14.56 -0.699595
14.58 -0.718715
14.6 -0.73779
14.62 -0.756606
14.64 -0.774942
14.66 -0.792585
14.68 -0.809284
14.7 -0.824774
14.72 -0.838805
14.74 -0.851149
14.76 -0.86183
14.78 -0.87107
14.8 -0.879041
14.82 -0.885875
14.84 -0.891633
14.86 -0.896327
14.88 -0.899992
14.9 -0.902682
14.92 -0.90446
14.94 -0.905394
14.96 -0.905585
14.98 -0.905154
15 -0.904359
15.02 -0.903558
15.04 -0.903171
15.06 -0.903655
15.08 -0.905371
15.1 -0.908593
15.12 -0.91341
15.14 -0.919763
15.16 -0.927478
15.18 -0.936293
15.2 -0.945912
15.22 -0.956021
15.24 -0.966476
15.26 -0.977272
15.28 -0.988408
15.3 -0.999892
15.32 -1.0116
15.34 -1.02329
15.36 -1.03467
15.38 -1.04536
15.4 -1.05505
15.42 -1.06351
15.44 -1.07056
15.46 -1.07604
15.48 -1.08009
15.5 -1.08303
15.52 -1.08519
15.54 -1.08691
15.56 -1.08827
15.58 -1.0891
15.6 -1.08922
15.62 -1.08846
15.64 -1.08664
15.66 -1.08365
15.68 -1.07942
15.7 -1.07397
15.72 -1.06739
15.74 -1.05982
15.76 -1.05152
15.78 -1.04282
15.8 -1.03408
15.82 -1.02565
15.84 -1.01785
15.86 -1.01094
15.88 -1.005
15.9 -0.999887
15.92 -0.995228
15.94 -0.990473
15.96 -0.985084
15.98 -0.978548
16 -0.970455
16.02 -0.960488
16.04 -0.948411
16.06 -0.934058
16.08 -0.917354
16.1 -0.898298
16.12 -0.876982
16.14 -0.853568
16.16 -0.828247
16.18 -0.801224
16.2 -0.772792
16.22 -0.743303
16.24 -0.713197
16.26 -0.682968
16.28 -0.653041
16.3 -0.623769
16.32 -0.595495
16.34 -0.568542
16.36 -0.543155
16.38 -0.519511
16.4 -0.497759
16.42 -0.478027
16.44 -0.460263
16.46 -0.444276
16.48 -0.429754
16.5 -0.416297
16.52 -0.403507
16.54 -0.390993
16.56 -0.378415
16.58 -0.365475
16.6 -0.35199
16.62 -0.337873
16.64 -0.323089
16.66 -0.307643
16.68 -0.291495
16.7 -0.274568
16.72 -0.256769
16.74 -0.237996
16.76 -0.218191
16.78 -0.197338
16.8 -0.17551
16.82 -0.152854
16.84 -0.12947
16.86 -0.105416
16.88 -0.08071
16.9 -0.0553339
16.92 -0.0293745
16.94 -0.00299672
16.96 0.0236326
16.98 0.050351
17 0.0769061
17.02 0.102983
17.04 0.128316
17.06 0.152689
17.08 0.17594
17.1 0.197959
17.12 0.218671
17.14 0.23803
17.16 0.256216
17.18 0.273589
17.2 0.290498
17.22 0.307277
17.24 0.32421
17.26 0.341533
17.28 0.359385
17.3 0.377825
17.32 0.39684
17.34 0.416361
17.36 0.436236
17.38 0.456253
17.4 0.476295
17.42 0.496322
17.44 0.516343
17.46 0.536412
17.48 0.556593
17.5 0.576963
17.52 0.597358
17.54 0.617434
17.56 0.636955
17.58 0.65578
17.6 0.673805
17.62 0.690961
17.64 0.707199
17.66 0.722485
17.68 0.736792
17.7 0.750101
17.72 0.762416
17.74 0.773766
17.76 0.784124
17.78 0.793419
17.8 0.801499
17.82 0.808149
17.84 0.813164
17.86 0.816355
17.88 0.817562
17.9 0.816659
17.92 0.813635
17.94 0.808574
17.96 0.801662
17.98 0.793156
18 0.783272
18.02 0.772182
18.04 0.760133
18.06 0.747414
18.08 0.734238
18.1 0.720745
18.12 0.707037
18.14 0.693179
18.16 0.67926
18.18 0.665379
18.2 0.651533
18.22 0.637639
18.24 0.623558
18.26 0.609111
18.28 0.59416
18.3 0.578611
18.32 0.562388
18.34 0.545436
18.36 0.52767
18.38 0.508991
18.4 0.489299
18.42 0.468504
18.44 0.446672
18.46 0.423993
18.48 0.400625
18.5 0.376695
18.52 0.352318
18.54 0.327593
18.56 0.302581
18.58 0.277309
18.6 0.251813
18.62 0.226138
18.64 0.200361
18.66 0.174583
18.68 0.148899
18.7 0.123391
18.72 0.0981331
18.74 0.0731873
18.76 0.0485127
18.78 0.0239878
18.8 -0.000541328
18.82 -0.0252502
18.84 -0.0501615
18.86 -0.0751757
18.88 -0.100138
18.9 -0.124855
18.92 -0.149052
18.94 -0.172405
18.96 -0.194658
18.98 -0.215617
19 -0.235276
19.02 -0.25377
19.04 -0.271081
19.06 -0.287064
19.08 -0.301583
19.1 -0.314513
19.12 -0.325751
19.14 -0.335213
19.16 -0.342819
19.18 -0.3485
19.2 -0.352347
19.22 -0.354573
19.24 -0.355372
19.26 -0.354913
19.28 -0.353305
19.3 -0.350605
19.32 -0.346884
19.34 -0.342221
19.36 -0.336759
19.38 -0.330686
19.4 -0.324193
19.42 -0.317468
19.44 -0.310546
19.46 -0.303339
19.48 -0.295726
19.5 -0.287561
19.52 -0.278728
19.54 -0.269132
19.56 -0.258694
19.58 -0.247348
19.6 -0.235034
19.62 -0.221699
19.64 -0.207367
19.66 -0.192123
19.68 -0.176174
19.7 -0.159815
19.72 -0.143299
19.74 -0.126833
19.76 -0.110704
19.78 -0.0952562
19.8 -0.0807598
19.82 -0.0674228
19.84 -0.0554026
19.86 -0.0448106
19.88 -0.0356429
19.9 -0.0278037
19.92 -0.0212112
19.94 -0.0157965
19.96 -0.0114375
