0 0
0.02 0.001885
0.04 0.001885
0.06 0.010228
0.08 0.010228
0.1 0.014163
0.12 0.014163
0.14 0.016651
0.16 0.016651
0.18 0.026319
0.2 0.026319
0.22 0.050984
0.24 0.050984
0.26 0.065362
0.28 0.065362
0.3 0.067741
0.32 0.067741
0.34 0.052274
0.36 0.052274
0.38 0.029
0.4 0.029
0.42 -0.002408
0.44 -0.002408
0.46 -0.039668
0.48 -0.039668
0.5 -0.067342
0.52 -0.067342
0.54 -0.09183
0.56 -0.09183
0.58 -0.115336
0.6 -0.115336
0.62 -0.148361
0.64 -0.148361
0.66 -0.176663
0.68 -0.176663
0.7 -0.21622
0.72 -0.21622
0.74 -0.254581
0.76 -0.254581
0.78 -0.2886
0.8 -0.2886
0.82 -0.325664
0.84 -0.325664
0.86 -0.361024
0.88 -0.361024
0.9 -0.392756
0.92 -0.392756
0.94 -0.432354
0.96 -0.432354
0.98 -0.47302
1 -0.47302
1.02 -0.508295
1.04 -0.508295
1.06 -0.534133
1.08 -0.534133
1.1 -0.547601
1.12 -0.547601
1.14 -0.567142
1.16 -0.567142
1.18 -0.581824
1.2 -0.581824
1.22 -0.597219
1.24 -0.597219
1.26 -0.609813
1.28 -0.609813
1.3 -0.615168
1.32 -0.615168
1.34 -0.604365
1.36 -0.604365
1.38 -0.594858
1.4 -0.594858
1.42 -0.583917
1.44 -0.583917
1.46 -0.560728
1.48 -0.560728
1.5 -0.550315
1.52 -0.550315
1.54 -0.548983
1.56 -0.548983
1.58 -0.540412
1.6 -0.540412
1.62 -0.538489
1.64 -0.538489
1.66 -0.522291
1.68 -0.522291
1.7 -0.494864
1.72 -0.494864
1.74 -0.475924
1.76 -0.475924
1.78 -0.463872
1.8 -0.463872
1.82 -0.448585
1.84 -0.448585
1.86 -0.435202
1.88 -0.435202
1.9 -0.430962
1.92 -0.430962
1.94 -0.433078
1.96 -0.433078
1.98 -0.433389
2 -0.433389
2.02 -0.421694
2.04 -0.421694
2.06 -0.400819
2.08 -0.400819
2.1 -0.389752
2.12 -0.389752
2.14 -0.382146
2.16 -0.382146
2.18 -0.380595
2.2 -0.380595
2.22 -0.384126
2.24 -0.384126
2.26 -0.378739
2.28 -0.378739
2.3 -0.371493
2.32 -0.371493
2.34 -0.364469
2.36 -0.364469
2.38 -0.342751
2.4 -0.342751
2.42 -0.315277
2.44 -0.315277
2.46 -0.294272
2.48 -0.294272
2.5 -0.277262
2.52 -0.277262
2.54 -0.246253
2.56 -0.246253
2.58 -0.201545
2.6 -0.201545
2.62 -0.164181
2.64 -0.164181
2.66 -0.141014
2.68 -0.141014
2.7 -0.098459
2.72 -0.098459
2.74 -0.058149
2.76 -0.058149
2.78 -0.019121
2.8 -0.019121
2.82 0.012044
2.84 0.012044
2.86 0.054418
2.88 0.054418
2.9 0.096486
2.92 0.096486
2.94 0.135271
2.96 0.135271
2.98 0.166527
3 0.166527
3.02 0.198087
3.04 0.198087
3.06 0.232196
3.08 0.232196
3.1 0.273047
3.12 0.273047
3.14 0.287197
3.16 0.287197
3.18 0.306124
3.2 0.306124
3.22 0.322044
3.24 0.322044
3.26 0.351653
3.28 0.351653
3.3 0.377702
3.32 0.377702
3.34 0.415937
3.36 0.415937
3.38 0.453966
3.4 0.453966
3.42 0.48063
3.44 0.48063
3.46 0.49191
3.48 0.49191
3.5 0.494286
3.52 0.494286
3.54 0.507213
3.56 0.507213
3.58 0.518969
3.6 0.518969
3.62 0.530192
3.64 0.530192
3.66 0.551565
3.68 0.551565
3.7 0.564163
3.72 0.564163
3.74 0.56768
3.76 0.56768
3.78 0.562122
3.8 0.562122
3.82 0.55983
3.84 0.55983
3.86 0.556156
3.88 0.556156
3.9 0.541993
3.92 0.541993
3.94 0.511964
3.96 0.511964
3.98 0.49172
4 0.49172
4.02 0.475625
4.04 0.475625
4.06 0.46788
4.08 0.46788
4.1 0.474913
4.12 0.474913
4.14 0.482016
4.16 0.482016
4.18 0.484155
4.2 0.484155
4.22 0.481119
4.24 0.481119
4.26 0.4732
4.28 0.4732
4.3 0.483212
4.32 0.483212
4.34 0.493427
4.36 0.493427
4.38 0.503198
4.4 0.503198
4.42 0.515766
4.44 0.515766
4.46 0.523986
4.48 0.523986
4.5 0.530713
4.52 0.530713
4.54 0.536959
4.56 0.536959
4.58 0.537499
4.6 0.537499
4.62 0.538377
4.64 0.538377
4.66 0.531265
4.68 0.531265
4.7 0.52349
4.72 0.52349
4.74 0.522977
4.76 0.522977
4.78 0.526079
4.8 0.526079
4.82 0.529027
4.84 0.529027
4.86 0.517267
4.88 0.517267
4.9 0.491111
4.92 0.491111
4.94 0.454164
4.96 0.454164
4.98 0.409039
5 0.409039
5.02 0.348922
5.04 0.348922
5.06 0.29147
5.08 0.29147
5.1 0.238786
5.12 0.238786
5.14 0.182533
5.16 0.182533
5.18 0.13234
5.2 0.13234
5.22 0.084793
5.24 0.084793
5.26 0.02869
5.28 0.02869
5.3 -0.030142
5.32 -0.030142
5.34 -0.107677
5.36 -0.107677
5.38 -0.196189
5.4 -0.196189
5.42 -0.282459
5.44 -0.282459
5.46 -0.362092
5.48 -0.362092
5.5 -0.411019
5.52 -0.411019
5.54 -0.450039
5.56 -0.450039
5.58 -0.482475
5.6 -0.482475
5.62 -0.535964
5.64 -0.535964
5.66 -0.583369
5.68 -0.583369
5.7 -0.63543
5.72 -0.63543
5.74 -0.685971
5.76 -0.685971
5.78 -0.737863
5.8 -0.737863
5.82 -0.784563
5.84 -0.784563
5.86 -0.819198
5.88 -0.819198
5.9 -0.858207
5.92 -0.858207
5.94 -0.899053
5.96 -0.899053
5.98 -0.94494
6 -0.94494
6.02 -0.987787
6.04 -0.987787
6.06 -1.01848
6.08 -1.01848
6.1 -1.04303
6.12 -1.04303
6.14 -1.04948
6.16 -1.04948
6.18 -1.06306
6.2 -1.06306
6.22 -1.07351
6.24 -1.07351
6.26 -1.06792
6.28 -1.06792
6.3 -1.06334
6.32 -1.06334
6.34 -1.04455
6.36 -1.04455
6.38 -1.02867
6.4 -1.02867
6.42 -1.01653
6.44 -1.01653
6.46 -1.01159
6.48 -1.01159
6.5 -1.00093
6.52 -1.00093
6.54 -0.984602
6.56 -0.984602
6.58 -0.979566
6.6 -0.979566
6.62 -0.965023
6.64 -0.965023
6.66 -0.943999
6.68 -0.943999
6.7 -0.924721
6.72 -0.924721
6.74 -0.906633
6.76 -0.906633
6.78 -0.883386
6.8 -0.883386
6.82 -0.856917
6.84 -0.856917
6.86 -0.832894
6.88 -0.832894
6.9 -0.819043
6.92 -0.819043
6.94 -0.80621
6.96 -0.80621
6.98 -0.80437
7 -0.80437
7.02 -0.790019
7.04 -0.790019
7.06 -0.745354
7.08 -0.745354
7.1 -0.696239
7.12 -0.696239
7.14 -0.654173
7.16 -0.654173
7.18 -0.60825
7.2 -0.60825
7.22 -0.564341
7.24 -0.564341
7.26 -0.507919
7.28 -0.507919
7.3 -0.442836
7.32 -0.442836
7.34 -0.387528
7.36 -0.387528
7.38 -0.342955
7.4 -0.342955
7.42 -0.313842
7.44 -0.313842
7.46 -0.282326
7.48 -0.282326
7.5 -0.266465
7.52 -0.266465
7.54 -0.258505
7.56 -0.258505
7.58 -0.253146
7.6 -0.253146
7.62 -0.250897
7.64 -0.250897
7.66 -0.239188
7.68 -0.239188
7.7 -0.232563
7.72 -0.232563
7.74 -0.237836
7.76 -0.237836
7.78 -0.244783
7.8 -0.244783
7.82 -0.241567
7.84 -0.241567
7.86 -0.237361
7.88 -0.237361
7.9 -0.230568
7.92 -0.230568
7.94 -0.23911
7.96 -0.23911
7.98 -0.25133
8 -0.25133
8.02 -0.247905
8.04 -0.247905
8.06 -0.245871
8.08 -0.245871
8.1 -0.237905
8.12 -0.237905
8.14 -0.222642
8.16 -0.222642
8.18 -0.207268
8.2 -0.207268
8.22 -0.197906
8.24 -0.197906
8.26 -0.203121
8.28 -0.203121
8.3 -0.208564
8.32 -0.208564
8.34 -0.211039
8.36 -0.211039
8.38 -0.22591
8.4 -0.22591
8.42 -0.241043
8.44 -0.241043
8.46 -0.243977
8.48 -0.243977
8.5 -0.242696
8.52 -0.242696
8.54 -0.249724
8.56 -0.249724
8.58 -0.239832
8.6 -0.239832
8.62 -0.215614
8.64 -0.215614
8.66 -0.189791
8.68 -0.189791
8.7 -0.16806
8.72 -0.16806
8.74 -0.143189
8.76 -0.143189
8.78 -0.120283
8.8 -0.120283
8.82 -0.097925
8.84 -0.097925
8.86 -0.075969
8.88 -0.075969
8.9 -0.0519
8.92 -0.0519
8.94 -0.031228
8.96 -0.031228
8.98 0.005789
9 0.005789
9.02 0.039091
9.04 0.039091
9.06 0.086132
9.08 0.086132
9.1 0.147431
9.12 0.147431
9.14 0.207293
9.16 0.207293
9.18 0.266017
9.2 0.266017
9.22 0.319347
9.24 0.319347
9.26 0.372204
9.28 0.372204
9.3 0.420309
9.32 0.420309
9.34 0.471675
9.36 0.471675
9.38 0.5157
9.4 0.5157
9.42 0.548622
9.44 0.548622
9.46 0.579357
9.48 0.579357
9.5 0.616079
9.52 0.616079
9.54 0.644898
9.56 0.644898
9.58 0.653673
9.6 0.653673
9.62 0.639149
9.64 0.639149
9.66 0.624002
9.68 0.624002
9.7 0.598715
9.72 0.598715
9.74 0.569466
9.76 0.569466
9.78 0.541107
9.8 0.541107
9.82 0.512451
9.84 0.512451
9.86 0.481327
9.88 0.481327
9.9 0.448824
9.92 0.448824
9.94 0.41713
9.96 0.41713
9.98 0.391441
10 0.391441
10.02 0.374469
10.04 0.374469
10.06 0.36669
10.08 0.36669
10.1 0.357755
10.12 0.357755
10.14 0.340153
10.16 0.340153
10.18 0.312507
10.2 0.312507
10.22 0.279711
10.24 0.279711
10.26 0.256761
10.28 0.256761
10.3 0.24179
10.32 0.24179
10.34 0.222303
10.36 0.222303
10.38 0.21682
10.4 0.21682
10.42 0.201448
10.44 0.201448
10.46 0.183519
10.48 0.183519
10.5 0.176534
10.52 0.176534
10.54 0.163946
10.56 0.163946
10.58 0.14182
10.6 0.14182
10.62 0.117924
10.64 0.117924
10.66 0.084672
10.68 0.084672
10.7 0.042372
10.72 0.042372
10.74 0.013034
10.76 0.013034
10.78 -0.012512
10.8 -0.012512
10.82 -0.046403
10.84 -0.046403
10.86 -0.083261
10.88 -0.083261
10.9 -0.107613
10.92 -0.107613
10.94 -0.137526
10.96 -0.137526
10.98 -0.164264
11 -0.164264
11.02 -0.182354
11.04 -0.182354
11.06 -0.199664
11.08 -0.199664
11.1 -0.215333
11.12 -0.215333
11.14 -0.228144
11.16 -0.228144
11.18 -0.230677
11.2 -0.230677
11.22 -0.235107
11.24 -0.235107
11.26 -0.242115
11.28 -0.242115
11.3 -0.248807
11.32 -0.248807
11.34 -0.271553
11.36 -0.271553
11.38 -0.298178
11.4 -0.298178
11.42 -0.34015
11.44 -0.34015
11.46 -0.373944
11.48 -0.373944
11.5 -0.401357
11.52 -0.401357
11.54 -0.42547
11.56 -0.42547
11.58 -0.449273
11.6 -0.449273
11.62 -0.464099
11.64 -0.464099
11.66 -0.48029
11.68 -0.48029
11.7 -0.495578
11.72 -0.495578
11.74 -0.511941
11.76 -0.511941
11.78 -0.533389
11.8 -0.533389
11.82 -0.555642
11.84 -0.555642
11.86 -0.568477
11.88 -0.568477
11.9 -0.581263
11.92 -0.581263
11.94 -0.585806
11.96 -0.585806
11.98 -0.588749
12 -0.588749
12.02 -0.596663
12.04 -0.596663
12.06 -0.609642
12.08 -0.609642
12.1 -0.611841
12.12 -0.611841
12.14 -0.606494
12.16 -0.606494
12.18 -0.597918
12.2 -0.597918
12.22 -0.60716
12.24 -0.60716
12.26 -0.619591
12.28 -0.619591
12.3 -0.630263
12.32 -0.630263
12.34 -0.635657
12.36 -0.635657
12.38 -0.655326
12.4 -0.655326
12.42 -0.668994
12.44 -0.668994
12.46 -0.676017
12.48 -0.676017
12.5 -0.678699
12.52 -0.678699
12.54 -0.675923
12.56 -0.675923
12.58 -0.6769
12.6 -0.6769
12.62 -0.67409
12.64 -0.67409
12.66 -0.676579
12.68 -0.676579
12.7 -0.681472
12.72 -0.681472
12.74 -0.676514
12.76 -0.676514
12.78 -0.682013
12.8 -0.682013
12.82 -0.695818
12.84 -0.695818
12.86 -0.701637
12.88 -0.701637
12.9 -0.710777
12.92 -0.710777
12.94 -0.71449
12.96 -0.71449
12.98 -0.72264
13 -0.72264
13.02 -0.743874
13.04 -0.743874
13.06 -0.752557
13.08 -0.752557
13.1 -0.748279
13.12 -0.748279
13.14 -0.737981
13.16 -0.737981
13.18 -0.719435
13.2 -0.719435
13.22 -0.703992
13.24 -0.703992
13.26 -0.70367
13.28 -0.70367
13.3 -0.701282
13.32 -0.701282
13.34 -0.714901
13.36 -0.714901
13.38 -0.736686
13.4 -0.736686
13.42 -0.743001
13.44 -0.743001
13.46 -0.733836
13.48 -0.733836
13.5 -0.715468
13.52 -0.715468
13.54 -0.716207
13.56 -0.716207
13.58 -0.727592
13.6 -0.727592
13.62 -0.742665
13.64 -0.742665
13.66 -0.754037
13.68 -0.754037
13.7 -0.758229
13.72 -0.758229
13.74 -0.74895
13.76 -0.74895
13.78 -0.732665
13.8 -0.732665
13.82 -0.719366
13.84 -0.719366
13.86 -0.696269
13.88 -0.696269
13.9 -0.684542
13.92 -0.684542
13.94 -0.670553
13.96 -0.670553
13.98 -0.643684
14 -0.643684
14.02 -0.626785
14.04 -0.626785
14.06 -0.61117
14.08 -0.61117
14.1 -0.599101
14.12 -0.599101
14.14 -0.585751
14.16 -0.585751
14.18 -0.574603
14.2 -0.574603
14.22 -0.574287
14.24 -0.574287
14.26 -0.59334
14.28 -0.59334
14.3 -0.619887
14.32 -0.619887
14.34 -0.658132
14.36 -0.658132
14.38 -0.696994
14.4 -0.696994
14.42 -0.721854
14.44 -0.721854
14.46 -0.760867
14.48 -0.760867
14.5 -0.795372
14.52 -0.795372
14.54 -0.81537
14.56 -0.81537
14.58 -0.840653
14.6 -0.840653
14.62 -0.859781
14.64 -0.859781
14.66 -0.867577
14.68 -0.867577
14.7 -0.866603
14.72 -0.866603
14.74 -0.882224
14.76 -0.882224
14.78 -0.891611
14.8 -0.891611
14.82 -0.89189
14.84 -0.89189
14.86 -0.890977
14.88 -0.890977
14.9 -0.888391
14.92 -0.888391
14.94 -0.887551
14.96 -0.887551
14.98 -0.90226
15 -0.90226
15.02 -0.932086
15.04 -0.932086
15.06 -0.964624
15.08 -0.964624
15.1 -0.988488
15.12 -0.988488
15.14 -1.00399
15.16 -1.00399
15.18 -1.01419
15.2 -1.01419
15.22 -1.03847
15.24 -1.03847
15.26 -1.06487
15.28 -1.06487
15.3 -1.07767
15.32 -1.07767
15.34 -1.07591
15.36 -1.07591
15.38 -1.07057
15.4 -1.07057
15.42 -1.06129
15.44 -1.06129
15.46 -1.07183
15.48 -1.07183
15.5 -1.08695
15.52 -1.08695
15.54 -1.07691
15.56 -1.07691
15.58 -1.05863
15.6 -1.05863
15.62 -1.03609
15.64 -1.03609
15.66 -1.01474
15.68 -1.01474
15.7 -0.997305
15.72 -0.997305
15.74 -0.991956
15.76 -0.991956
15.78 -0.993925
15.8 -0.993925
15.82 -1.00128
15.84 -1.00128
15.86 -0.992512
15.88 -0.992512
15.9 -0.956918
15.92 -0.956918
15.94 -0.909967
15.96 -0.909967
15.98 -0.858653
16 -0.858653
16.02 -0.801889
16.04 -0.801889
16.06 -0.742605
16.08 -0.742605
16.1 -0.684432
16.12 -0.684432
16.14 -0.624602
16.16 -0.624602
16.18 -0.57237
16.2 -0.57237
16.22 -0.533617
16.24 -0.533617
16.26 -0.497318
16.28 -0.497318
16.3 -0.470219
16.32 -0.470219
16.34 -0.446746
16.36 -0.446746
16.38 -0.431323
16.4 -0.431323
16.42 -0.40663
16.44 -0.40663
16.46 -0.371036
16.48 -0.371036
16.5 -0.330692
16.52 -0.330692
16.54 -0.287977
16.56 -0.287977
16.58 -0.250029
16.6 -0.250029
16.62 -0.213537
16.64 -0.213537
16.66 -0.169186
16.68 -0.169186
16.7 -0.118226
16.72 -0.118226
16.74 -0.066275
16.76 -0.066275
16.78 -0.020302
16.8 -0.020302
16.82 0.031052
16.84 0.031052
16.86 0.088524
16.88 0.088524
16.9 0.137414
16.92 0.137414
16.94 0.184098
16.96 0.184098
16.98 0.217438
17 0.217438
17.02 0.247457
17.04 0.247457
17.06 0.275299
17.08 0.275299
17.1 0.299653
17.12 0.299653
17.14 0.343402
17.16 0.343402
17.18 0.39109
17.2 0.39109
17.22 0.440042
17.24 0.440042
17.26 0.484897
17.28 0.484897
17.3 0.525244
17.32 0.525244
17.34 0.556824
17.36 0.556824
17.38 0.594786
17.4 0.594786
17.42 0.637664
17.44 0.637664
17.46 0.683494
17.48 0.683494
17.5 0.704919
17.52 0.704919
17.54 0.729719
17.56 0.729719
17.58 0.753
17.6 0.753
17.62 0.773426
17.64 0.773426
17.66 0.790091
17.68 0.790091
17.7 0.805336
17.72 0.805336
17.74 0.811154
17.76 0.811154
17.78 0.80175
17.8 0.80175
17.82 0.782974
17.84 0.782974
17.86 0.756288
17.88 0.756288
17.9 0.731729
17.92 0.731729
17.94 0.712232
17.96 0.712232
17.98 0.687284
18 0.687284
18.02 0.669248
18.04 0.669248
18.06 0.645935
18.08 0.645935
18.1 0.620011
18.12 0.620011
18.14 0.59719
18.16 0.59719
18.18 0.565238
18.2 0.565238
18.22 0.5248
18.24 0.5248
18.26 0.483962
18.28 0.483962
18.3 0.440927
18.32 0.440927
18.34 0.390763
18.36 0.390763
18.38 0.335075
18.4 0.335075
18.42 0.290856
18.44 0.290856
18.46 0.243879
18.48 0.243879
18.5 0.195956
18.52 0.195956
18.54 0.144412
18.56 0.144412
18.58 0.093487
18.6 0.093487
18.62 0.046692
18.64 0.046692
18.66 0.001171
18.68 0.001171
18.7 -0.042984
18.72 -0.042984
18.74 -0.096169
18.76 -0.096169
18.78 -0.155195
18.8 -0.155195
18.82 -0.201569
18.84 -0.201569
18.86 -0.239809
18.88 -0.239809
18.9 -0.263891
18.92 -0.263891
18.94 -0.285282
18.96 -0.285282
18.98 -0.318025
19 -0.318025
19.02 -0.331435
19.04 -0.331435
19.06 -0.337231
19.08 -0.337231
19.1 -0.336284
19.12 -0.336284
19.14 -0.327074
19.16 -0.327074
19.18 -0.326781
19.2 -0.326781
19.22 -0.322373
19.24 -0.322373
19.26 -0.309762
19.28 -0.309762
19.3 -0.295675
19.32 -0.295675
19.34 -0.28664
19.36 -0.28664
19.38 -0.279772
19.4 -0.279772
19.42 -0.258823
19.44 -0.258823
19.46 -0.23093
19.48 -0.23093
19.5 -0.200602
19.52 -0.200602
19.54 -0.166731
19.56 -0.166731
19.58 -0.128477
19.6 -0.128477
19.62 -0.093718
19.64 -0.093718
19.66 -0.070928
19.68 -0.070928
19.7 -0.048081
19.72 -0.048081
19.74 -0.03902
19.76 -0.03902
19.78 -0.032385
19.8 -0.032385
19.82 -0.029213
19.84 -0.029213
19.86 -0.02114
19.88 -0.02114
19.9 -0.017743
19.92 -0.017743
19.94 -0.011537
19.96 -0.011537
