0 0
0.02 0
0.04 7.18095e-05
0.06 0.000177967
0.08 0.000438171
0.1 0.00101593
0.12 0.0020119
0.14 0.00346352
0.16 0.00537683
0.18 0.00772634
0.2 0.0105479
0.22 0.0139342
0.24 0.0181128
0.26 0.0234333
0.28 0.0300835
0.3 0.0380911
0.32 0.047308
0.34 0.0574193
0.36 0.0678958
0.38 0.0780167
0.4 0.0870053
0.42 0.0940551
0.44 0.0983544
0.46 0.0991152
0.48 0.0956259
0.5 0.0872751
0.52 0.0737376
0.54 0.0549788
0.56 0.0311853
0.58 0.00275716
0.6 -0.0297294
0.62 -0.0655428
0.64 -0.103933
0.66 -0.144154
0.68 -0.185335
0.7 -0.226521
0.72 -0.266868
0.74 -0.305679
0.76 -0.342286
0.78 -0.376082
0.8 -0.406508
0.82 -0.433076
0.84 -0.455468
0.86 -0.473545
0.88 -0.4873
0.9 -0.496863
0.92 -0.502472
0.94 -0.504473
0.96 -0.503425
0.98 -0.50008
1 -0.495279
1.02 -0.489927
1.04 -0.484892
1.06 -0.480972
1.08 -0.478833
1.1 -0.478984
1.12 -0.481726
1.14 -0.487153
1.16 -0.495336
1.18 -0.506321
1.2 -0.520006
1.22 -0.536145
1.24 -0.554419
1.26 -0.57444
1.28 -0.595735
1.3 -0.617753
1.32 -0.639846
1.34 -0.661291
1.36 -0.681219
1.38 -0.698657
1.4 -0.712743
1.42 -0.722759
1.44 -0.728122
1.46 -0.728403
1.48 -0.723232
1.5 -0.712309
1.52 -0.695686
1.54 -0.67376
1.56 -0.647209
1.58 -0.616971
1.6 -0.584034
1.62 -0.549407
1.64 -0.514234
1.66 -0.479749
1.68 -0.44701
1.7 -0.416865
1.72 -0.389964
1.74 -0.366731
1.76 -0.347563
1.78 -0.332807
1.8 -0.322729
1.82 -0.3175
1.84 -0.317082
1.86 -0.321229
1.88 -0.329554
1.9 -0.341537
1.92 -0.356625
1.94 -0.374245
1.96 -0.393791
1.98 -0.414649
2 -0.436128
2.02 -0.457491
2.04 -0.477868
2.06 -0.496301
2.08 -0.511804
2.1 -0.523405
2.12 -0.53038
2.14 -0.532275
2.16 -0.52885
2.18 -0.520091
2.2 -0.506232
2.22 -0.487753
2.24 -0.465344
2.26 -0.439888
2.28 -0.412275
2.3 -0.383381
2.32 -0.354109
2.34 -0.325363
2.36 -0.298033
2.38 -0.272966
2.4 -0.250775
2.42 -0.231822
2.44 -0.216306
2.46 -0.204253
2.48 -0.195644
2.5 -0.190409
2.52 -0.188403
2.54 -0.189408
2.56 -0.192948
2.58 -0.198313
2.6 -0.204588
2.62 -0.210692
2.64 -0.215637
2.66 -0.218561
2.68 -0.218823
2.7 -0.216025
2.72 -0.209663
2.74 -0.199157
2.76 -0.184106
2.78 -0.164298
2.8 -0.139709
2.82 -0.110498
2.84 -0.0770769
2.86 -0.0400875
2.88 -0.000178004
2.9 0.042015
2.92 0.0857633
2.94 0.130275
2.96 0.174691
2.98 0.218119
3 0.25962
3.02 0.298245
3.04 0.333151
3.06 0.363636
3.08 0.38918
3.1 0.409467
3.12 0.424439
3.14 0.434296
3.16 0.439131
3.18 0.438943
3.2 0.433977
3.22 0.424706
3.24 0.411731
3.26 0.39576
3.28 0.377761
3.3 0.358922
3.32 0.340416
3.34 0.323372
3.36 0.308996
3.38 0.298526
3.4 0.293054
3.42 0.293488
3.44 0.300403
3.46 0.314027
3.48 0.334188
3.5 0.360329
3.52 0.391596
3.54 0.42687
3.56 0.465009
3.58 0.504886
3.6 0.545296
3.62 0.585
3.64 0.622781
3.66 0.65748
3.68 0.688155
3.7 0.71411
3.72 0.734715
3.74 0.749438
3.76 0.757858
3.78 0.759688
3.8 0.754788
3.82 0.743165
3.84 0.725116
3.86 0.701204
3.88 0.672193
3.9 0.63902
3.92 0.602664
3.94 0.564116
3.96 0.524288
3.98 0.483987
4 0.444156
4.02 0.405838
4.04 0.370068
4.06 0.337842
4.08 0.310117
4.1 0.287779
4.12 0.271675
4.14 0.262582
4.16 0.261012
4.18 0.267205
4.2 0.281065
4.22 0.302167
4.24 0.329768
4.26 0.36284
4.28 0.400107
4.3 0.440092
4.32 0.481413
4.34 0.522821
4.36 0.563055
4.38 0.600886
4.4 0.63516
4.42 0.664836
4.44 0.689063
4.46 0.707205
4.48 0.718793
4.5 0.723543
4.52 0.721396
4.54 0.712528
4.56 0.697346
4.58 0.676481
4.6 0.650708
4.62 0.620921
4.64 0.588169
4.66 0.553613
4.68 0.518401
4.7 0.483626
4.72 0.450369
4.74 0.419658
4.76 0.392514
4.78 0.369912
4.8 0.352702
4.82 0.341583
4.84 0.33703
4.86 0.339286
4.88 0.348191
4.9 0.363197
4.92 0.383395
4.94 0.407546
4.96 0.43417
4.98 0.461591
5 0.488034
5.02 0.511679
5.04 0.530658
5.06 0.543123
5.08 0.547499
5.1 0.542538
5.12 0.527381
5.14 0.501585
5.16 0.46505
5.18 0.418026
5.2 0.361205
5.22 0.295694
5.24 0.222941
5.26 0.14468
5.28 0.0627545
5.3 -0.0209477
5.32 -0.104493
5.34 -0.185975
5.36 -0.263749
5.38 -0.336486
5.4 -0.403133
5.42 -0.462953
5.44 -0.515412
5.46 -0.560199
5.48 -0.597199
5.5 -0.626499
5.52 -0.648134
5.54 -0.662097
5.56 -0.66857
5.58 -0.667914
5.6 -0.660692
5.62 -0.647648
5.64 -0.629976
5.66 -0.60926
5.68 -0.587129
5.7 -0.565202
5.72 -0.545146
5.74 -0.528616
5.76 -0.517125
5.78 -0.511997
5.8 -0.514345
5.82 -0.525032
5.84 -0.544572
5.86 -0.573111
5.88 -0.61035
5.9 -0.655557
5.92 -0.707773
5.94 -0.765837
5.96 -0.828399
5.98 -0.893967
6 -0.960991
6.02 -1.02792
6.04 -1.09316
6.06 -1.15515
6.08 -1.2123
6.1 -1.26309
6.12 -1.30613
6.14 -1.34026
6.16 -1.36448
6.18 -1.3779
6.2 -1.38017
6.22 -1.37139
6.24 -1.35201
6.26 -1.32287
6.28 -1.28496
6.3 -1.23945
6.32 -1.1878
6.34 -1.1317
6.36 -1.07289
6.38 -1.01304
6.4 -0.953932
6.42 -0.897347
6.44 -0.845039
6.46 -0.798655
6.48 -0.759712
6.5 -0.729543
6.52 -0.709105
6.54 -0.698953
6.56 -0.69922
6.58 -0.70961
6.6 -0.729591
6.62 -0.758408
6.64 -0.794882
6.66 -0.83746
6.68 -0.884301
6.7 -0.933345
6.72 -0.982473
6.74 -1.02958
6.76 -1.07265
6.78 -1.10979
6.8 -1.13931
6.82 -1.15969
6.84 -1.16972
6.86 -1.16853
6.88 -1.15566
6.9 -1.13111
6.92 -1.09541
6.94 -1.04956
6.96 -0.994967
6.98 -0.933336
7 -0.866747
7.02 -0.797572
7.04 -0.728135
7.06 -0.660644
7.08 -0.596922
7.1 -0.538357
7.12 -0.48613
7.14 -0.44117
7.16 -0.404238
7.18 -0.375897
7.2 -0.356365
7.22 -0.345516
7.24 -0.342938
7.26 -0.347953
7.28 -0.359476
7.3 -0.376063
7.32 -0.396008
7.34 -0.417394
7.36 -0.438367
7.38 -0.457189
7.4 -0.47231
7.42 -0.482416
7.44 -0.486527
7.46 -0.484027
7.48 -0.474494
7.5 -0.45772
7.52 -0.433916
7.54 -0.403697
7.56 -0.367978
7.58 -0.32794
7.6 -0.284936
7.62 -0.240445
7.64 -0.196023
7.66 -0.153255
7.68 -0.11356
7.7 -0.0781477
7.72 -0.0481357
7.74 -0.0245029
7.76 -0.0081272
7.78 0.000251033
7.8 0.000166231
7.82 -0.00855725
7.84 -0.0256734
7.86 -0.050528
7.88 -0.0821822
7.9 -0.119444
7.92 -0.160891
7.94 -0.204927
7.96 -0.250021
7.98 -0.294762
8 -0.337775
8.02 -0.377776
8.04 -0.413413
8.06 -0.443319
8.08 -0.466351
8.1 -0.481622
8.12 -0.488462
8.14 -0.486438
8.16 -0.475362
8.18 -0.455293
8.2 -0.426622
8.22 -0.390049
8.24 -0.346627
8.26 -0.297718
8.28 -0.245041
8.3 -0.190598
8.32 -0.136453
8.34 -0.0846593
8.36 -0.0371555
8.38 0.00430274
8.4 0.0380403
8.42 0.0625278
8.44 0.0765683
8.46 0.0793375
8.48 0.0705455
8.5 0.0504416
8.52 0.0197185
8.54 -0.020511
8.56 -0.0688861
8.58 -0.123841
8.6 -0.183389
8.62 -0.245201
8.64 -0.306719
8.66 -0.365252
8.68 -0.418203
8.7 -0.463165
8.72 -0.498061
8.74 -0.521215
8.76 -0.531338
8.78 -0.527569
8.8 -0.509568
8.82 -0.477523
8.84 -0.432129
8.86 -0.374566
8.88 -0.306455
8.9 -0.229801
8.92 -0.146896
8.94 -0.0602403
8.96 0.0274891
8.98 0.113534
9 0.195365
9.02 0.270762
9.04 0.337679
9.06 0.394321
9.08 0.439399
9.1 0.472168
9.12 0.492458
9.14 0.500682
9.16 0.497651
9.18 0.484553
9.2 0.462916
9.22 0.43456
9.24 0.401482
9.26 0.365799
9.28 0.329718
9.3 0.295463
9.32 0.265146
9.34 0.240699
9.36 0.223887
9.38 0.216242
9.4 0.218897
9.42 0.232546
9.44 0.25738
9.46 0.293083
9.48 0.338939
9.5 0.393851
9.52 0.456471
9.54 0.525239
9.56 0.598286
9.58 0.673509
9.6 0.748515
9.62 0.820712
9.64 0.887371
9.66 0.945727
9.68 0.993325
9.7 1.02809
9.72 1.04833
9.74 1.05273
9.76 1.04056
9.78 1.01162
9.8 0.966337
9.82 0.905733
9.84 0.831391
9.86 0.745387
9.88 0.650197
9.9 0.548606
9.92 0.443629
9.94 0.338395
9.96 0.236064
9.98 0.139715
10 0.0522821
10.02 -0.023543
10.04 -0.0853873
10.06 -0.131282
10.08 -0.15973
10.1 -0.169764
10.12 -0.161092
10.14 -0.134106
10.16 -0.0899491
10.18 -0.0304695
10.2 0.0418285
10.22 0.123877
10.24 0.212208
10.26 0.30307
10.28 0.392728
10.3 0.477584
10.32 0.554284
10.34 0.619839
10.36 0.671591
10.38 0.707319
10.4 0.725515
10.42 0.725432
10.44 0.706858
10.46 0.67013
10.48 0.616208
10.5 0.546639
10.52 0.46365
10.54 0.370064
10.56 0.269022
10.58 0.163879
10.6 0.0580417
10.62 -0.0451456
10.64 -0.142437
10.66 -0.230801
10.68 -0.307613
10.7 -0.370742
10.72 -0.418627
10.74 -0.450331
10.76 -0.46534
10.78 -0.463595
10.8 -0.445594
10.82 -0.412376
10.84 -0.365618
10.86 -0.307569
10.88 -0.240914
10.9 -0.168678
10.92 -0.0939558
10.94 -0.0198101
10.96 0.0506453
10.98 0.114359
11 0.168547
11.02 0.210788
11.04 0.23917
11.06 0.252357
11.08 0.249552
11.1 0.230525
11.12 0.195641
11.14 0.14584
11.16 0.0826222
11.18 0.00799689
11.2 -0.0755115
11.22 -0.164954
11.24 -0.257193
11.26 -0.349009
11.28 -0.437221
11.3 -0.518797
11.32 -0.590932
11.34 -0.651147
11.36 -0.697553
11.38 -0.728912
11.4 -0.744549
11.42 -0.74438
11.44 -0.729038
11.46 -0.699849
11.48 -0.658531
11.5 -0.607145
11.52 -0.548046
11.54 -0.4838
11.56 -0.417129
11.58 -0.350818
11.6 -0.287643
11.62 -0.230276
11.64 -0.181096
11.66 -0.142105
11.68 -0.114971
11.7 -0.100962
11.72 -0.100877
11.74 -0.115013
11.76 -0.143177
11.78 -0.184688
11.8 -0.238444
11.82 -0.302957
11.84 -0.376356
11.86 -0.456459
11.88 -0.540734
11.9 -0.626398
11.92 -0.710617
11.94 -0.790602
11.96 -0.863624
11.98 -0.927113
12 -0.978822
12.02 -1.01691
12.04 -1.04006
12.06 -1.04756
12.08 -1.03928
12.1 -1.01574
12.12 -0.977849
12.14 -0.92694
12.16 -0.864733
12.18 -0.793279
12.2 -0.71494
12.22 -0.632301
12.24 -0.548302
12.26 -0.466128
12.28 -0.388932
12.3 -0.319723
12.32 -0.261214
12.34 -0.215717
12.36 -0.18503
12.38 -0.170374
12.4 -0.172553
12.42 -0.191923
12.44 -0.228154
12.46 -0.28025
12.48 -0.346575
12.5 -0.424914
12.52 -0.512577
12.54 -0.606491
12.56 -0.703301
12.58 -0.79949
12.6 -0.891596
12.62 -0.976341
12.64 -1.05066
12.66 -1.11181
12.68 -1.15757
12.7 -1.18633
12.72 -1.19709
12.74 -1.18952
12.76 -1.16383
12.78 -1.12078
12.8 -1.06186
12.82 -0.989244
12.84 -0.905675
12.86 -0.814384
12.88 -0.71879
12.9 -0.622385
12.92 -0.528738
12.94 -0.441361
12.96 -0.363495
12.98 -0.29799
13 -0.247317
13.02 -0.213469
13.04 -0.197984
13.06 -0.201883
13.08 -0.225354
13.1 -0.267758
13.12 -0.327644
13.14 -0.402802
13.16 -0.490424
13.18 -0.587192
13.2 -0.689378
13.22 -0.792974
13.24 -0.893956
13.26 -0.988423
13.28 -1.07286
13.3 -1.14426
13.32 -1.20004
13.34 -1.23814
13.36 -1.2573
13.38 -1.25709
13.4 -1.23783
13.42 -1.20061
13.44 -1.14697
13.46 -1.0789
13.48 -0.998703
13.5 -0.909005
13.52 -0.812669
13.54 -0.712723
13.56 -0.612542
13.58 -0.515727
13.6 -0.425873
13.62 -0.346442
13.64 -0.280564
13.66 -0.230926
13.68 -0.199597
13.7 -0.187955
13.72 -0.196603
13.74 -0.225347
13.76 -0.273138
13.78 -0.33811
13.8 -0.417719
13.82 -0.508827
13.84 -0.607922
13.86 -0.711237
13.88 -0.814746
13.9 -0.914307
13.92 -1.00604
13.94 -1.08646
13.96 -1.15244
13.98 -1.20135
14 -1.231
14.02 -1.23979
14.04 -1.22692
14.06 -1.19252
14.08 -1.13746
14.1 -1.06338
14.12 -0.972634
14.14 -0.868205
14.16 -0.75356
14.18 -0.632521
14.2 -0.50917
14.22 -0.387704
14.24 -0.272377
14.26 -0.167343
14.28 -0.0765979
14.3 -0.00383135
14.32 0.047837
14.34 0.0759664
14.36 0.0788388
14.38 0.0555235
14.4 0.00603011
14.42 -0.0686931
14.44 -0.166638
14.46 -0.284813
14.48 -0.419652
14.5 -0.567132
14.52 -0.722711
14.54 -0.881497
14.56 -1.03831
14.58 -1.1879
14.6 -1.32528
14.62 -1.44599
14.64 -1.54606
14.66 -1.6222
14.68 -1.67184
14.7 -1.69322
14.72 -1.68552
14.74 -1.64888
14.76 -1.58462
14.78 -1.49526
14.8 -1.38414
14.82 -1.25532
14.84 -1.11338
14.86 -0.963332
14.88 -0.810452
14.9 -0.660138
14.92 -0.517691
14.94 -0.388138
14.96 -0.276078
14.98 -0.185524
15 -0.119897
15.02 -0.0819033
15.04 -0.0734195
15.06 -0.0954261
15.08 -0.147834
15.1 -0.229488
15.12 -0.338086
15.14 -0.470264
15.16 -0.621722
15.18 -0.787374
15.2 -0.961564
15.22 -1.13827
15.24 -1.31151
15.26 -1.47557
15.28 -1.62506
15.3 -1.75511
15.32 -1.86138
15.34 -1.94023
15.36 -1.98883
15.38 -2.00529
15.4 -1.98881
15.42 -1.93975
15.44 -1.85961
15.46 -1.75095
15.48 -1.61756
15.5 -1.46436
15.52 -1.29701
15.54 -1.12173
15.56 -0.944765
15.58 -0.772184
15.6 -0.60983
15.62 -0.463126
15.64 -0.33692
15.66 -0.235306
15.68 -0.161537
15.7 -0.117904
15.72 -0.105676
15.74 -0.125053
15.76 -0.17524
15.78 -0.254467
15.8 -0.359995
15.82 -0.488212
15.84 -0.634738
15.86 -0.794576
15.88 -0.962066
15.9 -1.13109
15.92 -1.29517
15.94 -1.44773
15.96 -1.58248
15.98 -1.69366
16 -1.77628
16.02 -1.82636
16.04 -1.84098
16.06 -1.81847
16.08 -1.75845
16.1 -1.66185
16.12 -1.53094
16.14 -1.36922
16.16 -1.1813
16.18 -0.972709
16.2 -0.74982
16.22 -0.519609
16.24 -0.289472
16.26 -0.0669563
16.28 0.140625
16.3 0.326453
16.32 0.484378
16.34 0.609136
16.36 0.696605
16.38 0.74395
16.4 0.74968
16.42 0.713705
16.44 0.637531
16.46 0.5242
16.48 0.378202
16.5 0.205311
16.52 0.0123188
16.54 -0.193206
16.56 -0.403211
16.58 -0.609444
16.6 -0.803822
16.62 -0.978715
16.64 -1.12719
16.66 -1.24323
16.68 -1.3219
16.7 -1.35949
16.72 -1.35368
16.74 -1.30362
16.76 -1.21004
16.78 -1.0752
16.8 -0.902913
16.82 -0.698406
16.84 -0.467999
16.86 -0.218898
16.88 0.041068
16.9 0.303724
16.92 0.560679
16.94 0.803634
16.96 1.02474
16.98 1.2169
17 1.37387
17.02 1.49052
17.04 1.56311
17.06 1.58944
17.08 1.56893
17.1 1.50266
17.12 1.3933
17.14 1.24503
17.16 1.06364
17.18 0.856334
17.2 0.631262
17.22 0.397279
17.24 0.163579
17.26 -0.0606176
17.28 -0.266458
17.3 -0.445763
17.32 -0.591327
17.34 -0.697172
17.36 -0.758811
17.38 -0.773405
17.4 -0.739708
17.42 -0.65812
17.44 -0.530696
17.46 -0.361076
17.48 -0.154384
17.5 0.08295
17.52 0.343128
17.54 0.617265
17.56 0.896007
17.58 1.16986
17.6 1.42946
17.62 1.66592
17.64 1.87113
17.66 2.03804
17.68 2.16092
17.7 2.23556
17.72 2.25942
17.74 2.23177
17.76 2.15364
17.78 2.02771
17.8 1.85828
17.82 1.651
17.84 1.41285
17.86 1.15182
17.88 0.876648
17.9 0.596563
17.92 0.321012
17.94 0.0593387
17.96 -0.179519
17.98 -0.387355
18 -0.557105
18.02 -0.683094
18.04 -0.761111
18.06 -0.788571
18.08 -0.764737
18.1 -0.690753
18.12 -0.569574
18.14 -0.405868
18.16 -0.205795
18.18 0.0232122
18.2 0.272571
18.22 0.532861
18.24 0.794163
18.26 1.04642
18.28 1.27986
18.3 1.48538
18.32 1.65481
18.34 1.78124
18.36 1.8592
18.38 1.88485
18.4 1.85617
18.42 1.77299
18.44 1.63726
18.46 1.45287
18.48 1.22546
18.5 0.96217
18.52 0.671437
18.54 0.362679
18.56 0.0459456
18.58 -0.26844
18.6 -0.570201
18.62 -0.849475
18.64 -1.09713
18.66 -1.3051
18.68 -1.46668
18.7 -1.57681
18.72 -1.63221
18.74 -1.63156
18.76 -1.57561
18.78 -1.46716
18.8 -1.31098
18.82 -1.11358
18.84 -0.882811
18.86 -0.627619
18.88 -0.357748
18.9 -0.083412
18.92 0.185132
18.94 0.437946
18.96 0.665639
18.98 0.859709
19 1.0127
19.02 1.11847
19.04 1.17275
19.06 1.1733
19.08 1.11985
19.1 1.0141
19.12 0.859719
19.14 0.662133
19.16 0.42842
19.18 0.16703
19.2 -0.112685
19.22 -0.400797
19.24 -0.687013
19.26 -0.961038
19.28 -1.21291
19.3 -1.43333
19.32 -1.61411
19.34 -1.74843
19.36 -1.83117
19.38 -1.85909
19.4 -1.8309
19.42 -1.74736
19.44 -1.61101
19.46 -1.42618
19.48 -1.19882
19.5 -0.936397
19.52 -0.647588
19.54 -0.342034
19.56 -0.0299628
19.58 0.278169
19.6 0.572058
19.62 0.841922
19.64 1.07876
19.66 1.27469
19.68 1.42313
19.7 1.51905
19.72 1.55928
19.74 1.54265
19.76 1.46983
19.78 1.34338
19.8 1.16777
19.82 0.949188
19.84 0.695362
19.86 0.415253
19.88 0.118847
19.9 -0.183213
19.92 -0.4801
19.94 -0.761193
19.96 -1.01637
