1 0.0174524 0.00179163
2 0.0348995 0.0119448
3 0.052336 0.0290013
4 0.0697565 0.0486447
5 0.0871557 0.0679588
6 0.104528 0.0861138
7 0.121869 0.106961
8 0.139173 0.122634
9 0.156434 0.138105
10 0.173648 0.154504
11 0.190809 0.171681
12 0.207912 0.189124
13 0.224951 0.206479
14 0.241922 0.223638
15 0.258819 0.244107
16 0.275637 0.259635
17 0.292372 0.274827
18 0.309017 0.290764
19 0.325568 0.307353
20 0.34202 0.324151
21 0.358368 0.340836
22 0.374607 0.357302
23 0.390731 0.376891
24 0.406737 0.39171
25 0.422618 0.406168
26 0.438371 0.421293
27 0.45399 0.436997
28 0.469472 0.452856
29 0.48481 0.468563
30 0.5 0.484018
31 0.515038 0.502342
32 0.529919 0.51616
33 0.544639 0.529601
34 0.559193 0.54362
35 0.573576 0.558133
36 0.587785 0.572746
37 0.601815 0.58717
38 0.615661 0.604179
39 0.62932 0.616917
40 0.642788 0.629243
41 0.656059 0.642057
42 0.669131 0.655289
43 0.681998 0.668574
44 0.694658 0.681645
45 0.707107 0.694414
46 0.71934 0.70943
47 0.731354 0.720666
48 0.743145 0.731513
49 0.75471 0.742744
50 0.766044 0.754287
51 0.777146 0.765818
52 0.788011 0.777102
53 0.798636 0.788066
54 0.809017 0.80088
55 0.819152 0.810414
56 0.829038 0.819562
57 0.838671 0.828979
58 0.848048 0.8386
59 0.857167 0.84815
60 0.866025 0.857431
61 0.87462 0.866378
62 0.882948 0.876742
63 0.891007 0.884386
64 0.898794 0.891657
65 0.906308 0.899077
66 0.913545 0.90659
67 0.920505 0.913973
68 0.927184 0.921068
69 0.93358 0.929169
70 0.939693 0.935046
71 0.945519 0.940553
72 0.951057 0.946098
73 0.956305 0.95164
74 0.961262 0.957008
75 0.965926 0.962077
76 0.970296 0.966808
77 0.97437 0.972075
78 0.978148 0.975808
79 0.981627 0.979209
80 0.984808 0.982527
81 0.987688 0.985727
82 0.990268 0.988696
83 0.992546 0.991357
84 0.994522 0.993687
85 0.996195 0.996065
86 0.997564 0.997589
87 0.99863 0.998814
88 0.999391 0.999834
89 0.999848 1.00062
90 1 1.00114
91 0.999848 1.00134
92 0.999391 1.00122
93 0.99863 1.00067
94 0.997564 0.999953
95 0.996195 0.998978
96 0.994522 0.997678
97 0.992546 0.996045
98 0.990268 0.99409
99 0.987688 0.99183
100 0.984808 0.98927
101 0.981627 0.985789
102 0.978148 0.982852
103 0.97437 0.979696
104 0.970296 0.976103
105 0.965926 0.972077
106 0.961262 0.967693
107 0.956305 0.963014
108 0.951057 0.958061
109 0.945519 0.951724
110 0.939693 0.94662
111 0.93358 0.941343
112 0.927184 0.935528
113 0.920505 0.929187
114 0.913545 0.92246
115 0.906308 0.915453
116 0.898794 0.908203
117 0.891007 0.899133
118 0.882948 0.891961
119 0.87462 0.884668
120 0.866025 0.876742
121 0.857167 0.868211
122 0.848048 0.859271
123 0.838671 0.850073
124 0.829038 0.840667
125 0.819152 0.82904
126 0.809017 0.81994
127 0.798636 0.810772
128 0.788011 0.80089
129 0.777146 0.790334
130 0.766044 0.779356
131 0.75471 0.768145
132 0.743145 0.756766
133 0.731354 0.742809
134 0.71934 0.731959
135 0.707107 0.721094
136 0.694658 0.709449
137 0.681998 0.697073
138 0.669131 0.68427
139 0.656059 0.671265
140 0.642788 0.655424
141 0.62932 0.643201
142 0.615661 0.631031
143 0.601815 0.618038
144 0.587785 0.604272
145 0.573576 0.590077
146 0.559193 0.575707
147 0.544639 0.561252
148 0.529919 0.543689
149 0.515038 0.530149
150 0.5 0.516696
151 0.48481 0.502379
152 0.469472 0.487265
153 0.453991 0.471737
154 0.438371 0.456074
155 0.422618 0.437143
156 0.406737 0.422638
157 0.390731 0.408291
158 0.374607 0.393065
159 0.358368 0.377024
160 0.34202 0.360578
161 0.325568 0.344031
162 0.309017 0.327484
163 0.292372 0.307513
164 0.275637 0.292206
165 0.258819 0.277081
166 0.241922 0.261068
167 0.224951 0.244246
168 0.207912 0.22705
169 0.190809 0.209797
170 0.173648 0.189067
171 0.156434 0.171887
172 0.139173 0.156059
173 0.121869 0.140459
174 0.104528 0.123983
175 0.0871557 0.106716
176 0.0697565 0.0891051
177 0.052336 0.0714805
178 0.0348995 0.0503645
179 0.0174524 0.034314
180 3.58979e-09 0.0185586
181 -0.0174524 0.00195533
182 -0.0348995 -0.0154191
183 -0.052336 -0.0331095
184 -0.0697565 -0.0507794
185 -0.0871557 -0.0683157
186 -0.104528 -0.0893082
187 -0.121869 -0.105278
188 -0.139173 -0.120946
189 -0.156434 -0.137424
190 -0.173648 -0.15462
191 -0.190809 -0.172082
192 -0.207912 -0.189478
193 -0.224951 -0.206698
194 -0.241922 -0.227254
195 -0.258819 -0.242853
196 -0.275637 -0.258119
197 -0.292372 -0.274135
198 -0.309017 -0.290811
199 -0.325568 -0.307703
200 -0.34202 -0.324488
201 -0.358368 -0.344432
202 -0.374607 -0.359475
203 -0.390731 -0.374134
204 -0.406737 -0.389475
205 -0.422618 -0.405421
206 -0.438371 -0.421543
207 -0.45399 -0.437526
208 -0.469472 -0.453264
209 -0.48481 -0.47194
210 -0.5 -0.486034
211 -0.515038 -0.499754
212 -0.529919 -0.514076
213 -0.544639 -0.528914
214 -0.559193 -0.543866
215 -0.573576 -0.558638
216 -0.587785 -0.573135
217 -0.601815 -0.590274
218 -0.615661 -0.603164
219 -0.62932 -0.615669
220 -0.642788 -0.628678
221 -0.656059 -0.642111
222 -0.669131 -0.6556
223 -0.681998 -0.668875
224 -0.694658 -0.681851
225 -0.707107 -0.697121
226 -0.71934 -0.708556
227 -0.731354 -0.719601
228 -0.743145 -0.731044
229 -0.75471 -0.742812
230 -0.766044 -0.754575
231 -0.777146 -0.766095
232 -0.788011 -0.777297
233 -0.798636 -0.7904
234 -0.809017 -0.800157
235 -0.819152 -0.809528
236 -0.829038 -0.819183
237 -0.838671 -0.829055
238 -0.848048 -0.838864
239 -0.857167 -0.848405
240 -0.866025 -0.857614
241 -0.87462 -0.868297
242 -0.882948 -0.876186
243 -0.891007 -0.8837
244 -0.898794 -0.891378
245 -0.906308 -0.899163
246 -0.913545 -0.906826
247 -0.920505 -0.914203
248 -0.927184 -0.921241
249 -0.93358 -0.929294
250 -0.939693 -0.935162
251 -0.945519 -0.940673
252 -0.951057 -0.946225
253 -0.956305 -0.951771
254 -0.961262 -0.95714
255 -0.965926 -0.962208
256 -0.970296 -0.966938
257 -0.97437 -0.972204
258 -0.978148 -0.975937
259 -0.981627 -0.979338
260 -0.984808 -0.982656
261 -0.987688 -0.985855
262 -0.990268 -0.988825
263 -0.992546 -0.991486
264 -0.994522 -0.993815
265 -0.996195 -0.996193
266 -0.997564 -0.997717
267 -0.99863 -0.998942
268 -0.999391 -0.999961
269 -0.999848 -1.00075
270 -1 -1.00126
271 -0.999848 -1.00147
272 -0.999391 -1.00135
273 -0.99863 -1.00079
274 -0.997564 -1.00008
275 -0.996195 -0.999105
276 -0.994522 -0.997805
277 -0.992546 -0.996171
278 -0.990268 -0.994217
279 -0.987688 -0.991956
280 -0.984808 -0.989397
281 -0.981627 -0.985916
282 -0.978148 -0.982978
283 -0.97437 -0.979821
284 -0.970296 -0.976229
285 -0.965926 -0.972202
286 -0.961262 -0.967819
287 -0.956305 -0.963139
288 -0.951057 -0.958186
289 -0.945519 -0.951849
290 -0.939693 -0.946745
291 -0.93358 -0.941468
292 -0.927184 -0.935653
293 -0.920505 -0.929312
294 -0.913545 -0.922585
295 -0.906308 -0.915578
296 -0.898794 -0.908327
297 -0.891007 -0.899257
298 -0.882948 -0.892085
299 -0.87462 -0.884792
300 -0.866025 -0.876866
301 -0.857167 -0.868334
302 -0.848048 -0.859395
303 -0.838671 -0.850196
304 -0.829038 -0.838833
305 -0.819152 -0.829957
306 -0.809017 -0.821018
307 -0.798636 -0.811378
308 -0.788011 -0.801068
309 -0.777146 -0.790334
310 -0.766044 -0.779363
311 -0.75471 -0.768218
312 -0.743145 -0.754538
313 -0.731354 -0.743896
314 -0.71934 -0.733232
315 -0.707107 -0.721795
316 -0.694658 -0.709634
317 -0.681998 -0.697047
318 -0.669131 -0.684253
319 -0.656059 -0.668658
320 -0.642788 -0.656618
321 -0.62932 -0.644625
322 -0.615661 -0.631814
323 -0.601815 -0.618236
324 -0.587785 -0.604227
325 -0.573576 -0.59004
326 -0.559193 -0.57576
327 -0.544639 -0.558403
328 -0.529919 -0.545015
329 -0.515038 -0.531707
330 -0.5 -0.517539
331 -0.48481 -0.502578
332 -0.469472 -0.4872
333 -0.453991 -0.471682
334 -0.438371 -0.452919
335 -0.422618 -0.438537
336 -0.406737 -0.424305
337 -0.390731 -0.409197
338 -0.374607 -0.393276
339 -0.358368 -0.376946
340 -0.34202 -0.36051
341 -0.325568 -0.344068
342 -0.309017 -0.324217
343 -0.292372 -0.308996
344 -0.275637 -0.293951
345 -0.258819 -0.278018
346 -0.241922 -0.261276
347 -0.224951 -0.244155
348 -0.207912 -0.226972
349 -0.190809 -0.209831
350 -0.173648 -0.189195
351 -0.156434 -0.173416
352 -0.139173 -0.157859
353 -0.121869 -0.141423
354 -0.104528 -0.124193
355 -0.0871557 -0.106616
356 -0.0697565 -0.0890187
357 -0.052336 -0.0679284
358 -0.0348995 -0.0518923
359 -0.0174524 -0.0361461
